<?xml version="1.0" encoding="UTF-8"?>
<!-- Generated by org.testng.reporters.JUnitReportReporter -->
<testsuite skipped="0" hostname="ENGLON146394L" name="com.qa.base.SauceLabBasic" tests="1" failures="0" timestamp="2020-05-08T23:34:12 CEST" time="57.966" errors="0">
  <testcase name="openBrowser" time="57.966" classname="com.qa.base.SauceLabBasic"/>
  <system-out/>
</testsuite> <!-- com.qa.base.SauceLabBasic -->
