<?xml version="1.0" encoding="UTF-8"?>
<!-- Generated by org.testng.reporters.JUnitReportReporter -->
<testsuite skipped="0" hostname="ENGLON146394L" name="com.qa.tests.LoginPageRemoteTest" tests="3" failures="0" timestamp="2020-05-09T16:23:40 CEST" time="217.504" errors="0">
  <testcase name="validateTitle" time="104.638" classname="com.qa.tests.LoginPageRemoteTest"/>
  <system-out/>
  <testcase name="validateSignUpLinkDisplayed" time="47.220" classname="com.qa.tests.LoginPageRemoteTest"/>
  <system-out/>
  <testcase name="validateLogin" time="65.646" classname="com.qa.tests.LoginPageRemoteTest"/>
  <system-out/>
</testsuite> <!-- com.qa.tests.LoginPageRemoteTest -->
