<?xml version="1.0" encoding="UTF-8"?>
<!-- Generated by org.testng.reporters.JUnitReportReporter -->
<testsuite skipped="0" hostname="ENGLON146394L" name="com.qa.tests.StepPlanTest" tests="2" failures="0" timestamp="2020-05-09T19:14:26 CEST" time="154.368" errors="0">
  <testcase name="validateTitle" time="61.031" classname="com.qa.tests.StepPlanTest"/>
  <system-out/>
  <testcase name="validateGuideLink" time="93.337" classname="com.qa.tests.StepPlanTest"/>
  <system-out/>
</testsuite> <!-- com.qa.tests.StepPlanTest -->
