<?xml version="1.0" encoding="UTF-8"?>
<!-- Generated by org.testng.reporters.JUnitReportReporter -->
<testsuite skipped="0" hostname="ENGLON146394L" name="com.qa.base.SauceLabSupport" tests="1" failures="0" timestamp="2020-05-09T11:51:17 CEST" time="99.549" errors="0">
  <testcase name="openBrowser" time="99.549" classname="com.qa.base.SauceLabSupport"/>
  <system-out/>
</testsuite> <!-- com.qa.base.SauceLabSupport -->
