<?xml version="1.0" encoding="UTF-8"?>
<!-- Generated by org.testng.reporters.JUnitReportReporter -->
<testsuite skipped="0" hostname="ENGLON146394L" name="com.qa.tests.LoginPageRemoteTest" tests="3" failures="0" timestamp="2020-05-09T17:00:11 CEST" time="176.834" errors="0">
  <testcase name="validateTitle" time="51.321" classname="com.qa.tests.LoginPageRemoteTest"/>
  <system-out/>
  <testcase name="validateSignUpLinkDisplayed" time="57.616" classname="com.qa.tests.LoginPageRemoteTest"/>
  <system-out/>
  <testcase name="validateLogin" time="67.897" classname="com.qa.tests.LoginPageRemoteTest"/>
  <system-out/>
</testsuite> <!-- com.qa.tests.LoginPageRemoteTest -->
